0 info it worked if it ends with ok
1 verbose cli [ '/usr/local/bin/node',
1 verbose cli   '/usr/local/bin/npm',
1 verbose cli   'install',
1 verbose cli   'ng-file-upload' ]
2 info using npm@2.14.7
3 info using node@v4.2.2
4 verbose install initial load of /home/ali/mostafa-rating/package.json
5 verbose installManyTop reading scoped package data from /home/ali/mostafa-rating/node_modules/angular/package.json
6 verbose installManyTop reading scoped package data from /home/ali/mostafa-rating/node_modules/angular-file-upload/package.json
7 verbose installManyTop reading scoped package data from /home/ali/mostafa-rating/node_modules/angular-messages/package.json
8 verbose installManyTop reading scoped package data from /home/ali/mostafa-rating/node_modules/body-parser/package.json
9 verbose installManyTop reading scoped package data from /home/ali/mostafa-rating/node_modules/bootstrap/package.json
10 verbose installManyTop reading scoped package data from /home/ali/mostafa-rating/node_modules/bower/package.json
11 verbose installManyTop reading scoped package data from /home/ali/mostafa-rating/node_modules/connect-multiparty/package.json
12 verbose installManyTop reading scoped package data from /home/ali/mostafa-rating/node_modules/express/package.json
13 verbose installManyTop reading scoped package data from /home/ali/mostafa-rating/node_modules/formidable/package.json
14 verbose installManyTop reading scoped package data from /home/ali/mostafa-rating/node_modules/gm/package.json
15 verbose installManyTop reading scoped package data from /home/ali/mostafa-rating/node_modules/knox/package.json
16 verbose installManyTop reading scoped package data from /home/ali/mostafa-rating/node_modules/mongojs/package.json
17 verbose installManyTop reading scoped package data from /home/ali/mostafa-rating/node_modules/ng-file-upload/package.json
18 verbose installManyTop reading scoped package data from /home/ali/mostafa-rating/node_modules/transloadit/package.json
19 info package.json formidable@1.0.17 No license field.
20 info package.json angular-file-upload@2.1.4 No repository field.
21 info package.json angular-file-upload@2.1.4 No license field.
22 verbose readDependencies loading dependencies from /home/ali/mostafa-rating/package.json
23 verbose install ng-file-upload is installed as 9.0.19
24 silly cache add args [ 'ng-file-upload', null ]
25 verbose cache add spec ng-file-upload
26 silly cache add parsed spec Result {
26 silly cache add   raw: 'ng-file-upload',
26 silly cache add   scope: null,
26 silly cache add   name: 'ng-file-upload',
26 silly cache add   rawSpec: '',
26 silly cache add   spec: '*',
26 silly cache add   type: 'range' }
27 silly addNamed ng-file-upload@*
28 verbose addNamed "*" is a valid semver range for ng-file-upload
29 silly addNameRange { name: 'ng-file-upload', range: '*', hasData: false }
30 silly mapToRegistry name ng-file-upload
31 silly mapToRegistry using default registry
32 silly mapToRegistry registry https://registry.npmjs.org/
33 silly mapToRegistry uri https://registry.npmjs.org/ng-file-upload
34 verbose addNameRange registry:https://registry.npmjs.org/ng-file-upload not in flight; fetching
35 verbose request uri https://registry.npmjs.org/ng-file-upload
36 verbose request no auth needed
37 info attempt registry request try #1 at 12:13:45 AM
38 verbose request id f411d61403675342
39 http request GET https://registry.npmjs.org/ng-file-upload
40 http 200 https://registry.npmjs.org/ng-file-upload
41 verbose headers { server: 'CouchDB/1.5.0 (Erlang OTP/R16B03)',
41 verbose headers   etag: '"EUOCQRX9JLS3ZCKGFCBEJW1PR"',
41 verbose headers   'content-type': 'application/json',
41 verbose headers   'cache-control': 'max-age=60',
41 verbose headers   'content-length': '209094',
41 verbose headers   'accept-ranges': 'bytes',
41 verbose headers   date: 'Wed, 11 Nov 2015 05:13:47 GMT',
41 verbose headers   via: '1.1 varnish',
41 verbose headers   age: '0',
41 verbose headers   connection: 'keep-alive',
41 verbose headers   'x-served-by': 'cache-iad2122-IAD',
41 verbose headers   'x-cache': 'MISS',
41 verbose headers   'x-cache-hits': '0',
41 verbose headers   'x-timer': 'S1447218826.677589,VS0,VE474',
41 verbose headers   vary: 'Accept' }
42 silly get cb [ 200,
42 silly get   { server: 'CouchDB/1.5.0 (Erlang OTP/R16B03)',
42 silly get     etag: '"EUOCQRX9JLS3ZCKGFCBEJW1PR"',
42 silly get     'content-type': 'application/json',
42 silly get     'cache-control': 'max-age=60',
42 silly get     'content-length': '209094',
42 silly get     'accept-ranges': 'bytes',
42 silly get     date: 'Wed, 11 Nov 2015 05:13:47 GMT',
42 silly get     via: '1.1 varnish',
42 silly get     age: '0',
42 silly get     connection: 'keep-alive',
42 silly get     'x-served-by': 'cache-iad2122-IAD',
42 silly get     'x-cache': 'MISS',
42 silly get     'x-cache-hits': '0',
42 silly get     'x-timer': 'S1447218826.677589,VS0,VE474',
42 silly get     vary: 'Accept' } ]
43 verbose get saving ng-file-upload to /home/ali/.npm/registry.npmjs.org/ng-file-upload/.cache.json
44 silly addNameRange number 2 { name: 'ng-file-upload', range: '*', hasData: true }
45 silly addNameRange versions [ 'ng-file-upload',
45 silly addNameRange   [ '2.2.2',
45 silly addNameRange     '3.0.1',
45 silly addNameRange     '3.0.2',
45 silly addNameRange     '3.0.3',
45 silly addNameRange     '3.0.4',
45 silly addNameRange     '3.0.5',
45 silly addNameRange     '3.0.6',
45 silly addNameRange     '3.0.7',
45 silly addNameRange     '3.1.0',
45 silly addNameRange     '3.1.1',
45 silly addNameRange     '3.1.2',
45 silly addNameRange     '3.2.0',
45 silly addNameRange     '3.2.1',
45 silly addNameRange     '3.2.2',
45 silly addNameRange     '3.2.3',
45 silly addNameRange     '3.2.4',
45 silly addNameRange     '3.2.5',
45 silly addNameRange     '3.3.0',
45 silly addNameRange     '3.3.1',
45 silly addNameRange     '3.3.2',
45 silly addNameRange     '3.3.3',
45 silly addNameRange     '3.3.4',
45 silly addNameRange     '4.0.0',
45 silly addNameRange     '4.0.1',
45 silly addNameRange     '4.0.2',
45 silly addNameRange     '4.0.3',
45 silly addNameRange     '4.0.4',
45 silly addNameRange     '4.1.0',
45 silly addNameRange     '4.1.1',
45 silly addNameRange     '4.1.2',
45 silly addNameRange     '4.1.3',
45 silly addNameRange     '4.1.4',
45 silly addNameRange     '4.2.0',
45 silly addNameRange     '4.2.1',
45 silly addNameRange     '4.2.2',
45 silly addNameRange     '4.2.3',
45 silly addNameRange     '4.2.4',
45 silly addNameRange     '5.0.0',
45 silly addNameRange     '5.0.1',
45 silly addNameRange     '5.0.2',
45 silly addNameRange     '5.0.3',
45 silly addNameRange     '5.0.4',
45 silly addNameRange     '5.0.5',
45 silly addNameRange     '5.0.6',
45 silly addNameRange     '5.0.7',
45 silly addNameRange     '5.0.8',
45 silly addNameRange     '5.0.9',
45 silly addNameRange     '5.1.0',
45 silly addNameRange     '5.2.0',
45 silly addNameRange     '6.0.0',
45 silly addNameRange     '6.0.1',
45 silly addNameRange     '6.0.2',
45 silly addNameRange     '6.0.3',
45 silly addNameRange     '6.0.4',
45 silly addNameRange     '6.1.0',
45 silly addNameRange     '6.1.1',
45 silly addNameRange     '6.1.2',
45 silly addNameRange     '6.2.0',
45 silly addNameRange     '6.2.1',
45 silly addNameRange     '7.0.0',
45 silly addNameRange     '7.0.1',
45 silly addNameRange     '7.0.2',
45 silly addNameRange     '7.0.3',
45 silly addNameRange     '7.0.4',
45 silly addNameRange     '7.0.5',
45 silly addNameRange     '7.0.6',
45 silly addNameRange     '7.0.7',
45 silly addNameRange     '7.0.8',
45 silly addNameRange     '7.0.9',
45 silly addNameRange     '7.0.10',
45 silly addNameRange     '7.0.11',
45 silly addNameRange     '7.0.12',
45 silly addNameRange     '7.0.13',
45 silly addNameRange     '7.0.14',
45 silly addNameRange     '7.0.15',
45 silly addNameRange     '7.0.16',
45 silly addNameRange     '7.0.17',
45 silly addNameRange     '7.1.0',
45 silly addNameRange     '7.2.0',
45 silly addNameRange     '7.2.1',
45 silly addNameRange     '7.2.2',
45 silly addNameRange     '7.3.0',
45 silly addNameRange     '7.3.1',
45 silly addNameRange     '7.3.2',
45 silly addNameRange     '7.3.3',
45 silly addNameRange     '7.3.4',
45 silly addNameRange     '7.3.5',
45 silly addNameRange     '7.3.6',
45 silly addNameRange     '7.3.7',
45 silly addNameRange     '7.3.8',
45 silly addNameRange     '7.3.9',
45 silly addNameRange     '8.0.0',
45 silly addNameRange     '8.0.1',
45 silly addNameRange     '8.0.2',
45 silly addNameRange     '8.0.3',
45 silly addNameRange     '8.0.4',
45 silly addNameRange     '8.0.5',
45 silly addNameRange     '8.0.6',
45 silly addNameRange     '9.0.0',
45 silly addNameRange     '9.0.1',
45 silly addNameRange     '9.0.2',
45 silly addNameRange     '9.0.3',
45 silly addNameRange     '9.0.4',
45 silly addNameRange     '9.0.5',
45 silly addNameRange     '9.0.6',
45 silly addNameRange     '9.0.7',
45 silly addNameRange     '9.0.8',
45 silly addNameRange     '9.0.9',
45 silly addNameRange     '9.0.10',
45 silly addNameRange     '9.0.11',
45 silly addNameRange     '9.0.12',
45 silly addNameRange     '9.0.13',
45 silly addNameRange     '9.0.14',
45 silly addNameRange     '9.0.15',
45 silly addNameRange     '9.0.16',
45 silly addNameRange     '9.0.17',
45 silly addNameRange     '9.0.18',
45 silly addNameRange     '9.0.19',
45 silly addNameRange     '9.1.0',
45 silly addNameRange     '9.1.1',
45 silly addNameRange     '9.1.2',
45 silly addNameRange     '10.0.0' ] ]
46 silly addNamed ng-file-upload@10.0.0
47 verbose addNamed "10.0.0" is a plain semver version for ng-file-upload
48 silly mapToRegistry name ng-file-upload
49 silly mapToRegistry using default registry
50 silly mapToRegistry registry https://registry.npmjs.org/
51 silly mapToRegistry uri https://registry.npmjs.org/ng-file-upload
52 verbose addRemoteTarball https://registry.npmjs.org/ng-file-upload/-/ng-file-upload-10.0.0.tgz not in flight; adding
53 verbose addRemoteTarball [ 'https://registry.npmjs.org/ng-file-upload/-/ng-file-upload-10.0.0.tgz',
53 verbose addRemoteTarball   '5314c8d8dd83eb88465b31650654b16d3480c3c1' ]
54 info retry fetch attempt 1 at 12:13:47 AM
55 info attempt registry request try #1 at 12:13:47 AM
56 http fetch GET https://registry.npmjs.org/ng-file-upload/-/ng-file-upload-10.0.0.tgz
57 http fetch 200 https://registry.npmjs.org/ng-file-upload/-/ng-file-upload-10.0.0.tgz
58 silly fetchAndShaCheck shasum 5314c8d8dd83eb88465b31650654b16d3480c3c1
59 verbose addTmpTarball /tmp/npm-10520-2bbec1cc/registry.npmjs.org/ng-file-upload/-/ng-file-upload-10.0.0.tgz not in flight; adding
60 verbose addTmpTarball already have metadata; skipping unpack for ng-file-upload@10.0.0
61 silly cache afterAdd ng-file-upload@10.0.0
62 verbose afterAdd /home/ali/.npm/ng-file-upload/10.0.0/package/package.json not in flight; writing
63 verbose afterAdd /home/ali/.npm/ng-file-upload/10.0.0/package/package.json written
64 silly install resolved [ { name: 'ng-file-upload',
64 silly install resolved     version: '10.0.0',
64 silly install resolved     devDependencies:
64 silly install resolved      { grunt: '^0.4.5',
64 silly install resolved        'grunt-contrib-concat': '^0.5.1',
64 silly install resolved        'grunt-contrib-clean': '^0.6.0',
64 silly install resolved        'grunt-contrib-jshint': '^0.11.0',
64 silly install resolved        'grunt-contrib-uglify': '^0.8.0',
64 silly install resolved        'grunt-contrib-watch': '^0.6.1',
64 silly install resolved        'grunt-contrib-copy': '~0.4.1',
64 silly install resolved        'grunt-text-replace': '~0.3.12',
64 silly install resolved        'grunt-git': '~0.2.14',
64 silly install resolved        'grunt-serve': '^0.1.6',
64 silly install resolved        'jshint-stylish': '^1.0.0',
64 silly install resolved        'load-grunt-tasks': '^3.1.0' },
64 silly install resolved     description: 'An AngularJS directive for file upload using HTML5 with FileAPI polyfill for unsupported browsers',
64 silly install resolved     main: 'index.js',
64 silly install resolved     scripts: { test: 'echo "Error: no test specified" && exit 1' },
64 silly install resolved     repository:
64 silly install resolved      { type: 'git',
64 silly install resolved        url: 'git+https://github.com/danialfarid/ng-file-upload.git' },
64 silly install resolved     keywords: [ 'angularjs', 'ng-file-upload', 'file-upload', 'javascript' ],
64 silly install resolved     author: { name: 'danial.farid@gmail.com' },
64 silly install resolved     license: 'MIT',
64 silly install resolved     bugs: { url: 'https://github.com/danialfarid/ng-file-upload/issues' },
64 silly install resolved     homepage: 'https://github.com/danialfarid/ng-file-upload',
64 silly install resolved     gitHead: 'af38548adc5c59cab7f01ed91180e542c09412a8',
64 silly install resolved     _id: 'ng-file-upload@10.0.0',
64 silly install resolved     _shasum: '5314c8d8dd83eb88465b31650654b16d3480c3c1',
64 silly install resolved     _from: 'ng-file-upload@*',
64 silly install resolved     _npmVersion: '2.12.1',
64 silly install resolved     _nodeVersion: '0.12.0',
64 silly install resolved     _npmUser: { name: 'danial.farid', email: 'danial.farid@gmail.com' },
64 silly install resolved     maintainers: [ [Object] ],
64 silly install resolved     dist:
64 silly install resolved      { shasum: '5314c8d8dd83eb88465b31650654b16d3480c3c1',
64 silly install resolved        tarball: 'http://registry.npmjs.org/ng-file-upload/-/ng-file-upload-10.0.0.tgz' },
64 silly install resolved     directories: {},
64 silly install resolved     _resolved: 'https://registry.npmjs.org/ng-file-upload/-/ng-file-upload-10.0.0.tgz' } ]
65 info install ng-file-upload@10.0.0 into /home/ali/mostafa-rating
66 info installOne ng-file-upload@10.0.0
67 verbose installOne of ng-file-upload to /home/ali/mostafa-rating not in flight; installing
68 warn locking Error: EACCES: permission denied, open '/home/ali/.npm/_locks/ng-file-upload-bbb50badeee50e6f.lock'
68 warn locking     at Error (native)
68 warn locking  /home/ali/.npm/_locks/ng-file-upload-bbb50badeee50e6f.lock failed { [Error: EACCES: permission denied, open '/home/ali/.npm/_locks/ng-file-upload-bbb50badeee50e6f.lock']
68 warn locking   errno: -13,
68 warn locking   code: 'EACCES',
68 warn locking   syscall: 'open',
68 warn locking   path: '/home/ali/.npm/_locks/ng-file-upload-bbb50badeee50e6f.lock' }
69 verbose stack Error: Attempt to unlock /home/ali/mostafa-rating/node_modules/ng-file-upload, which hasn't been locked
69 verbose stack     at unlock (/usr/local/lib/node_modules/npm/lib/utils/locker.js:64:11)
69 verbose stack     at cb (/usr/local/lib/node_modules/npm/lib/install.js:1018:5)
69 verbose stack     at /usr/local/lib/node_modules/npm/lib/install.js:1022:20
69 verbose stack     at /usr/local/lib/node_modules/npm/lib/utils/locker.js:39:7
69 verbose stack     at cb (/usr/local/lib/node_modules/npm/node_modules/lockfile/lockfile.js:149:38)
69 verbose stack     at /usr/local/lib/node_modules/npm/node_modules/lockfile/lockfile.js:177:38
69 verbose stack     at /usr/local/lib/node_modules/npm/node_modules/graceful-fs/graceful-fs.js:230:16
69 verbose stack     at FSReqWrap.oncomplete (fs.js:82:15)
70 verbose cwd /home/ali/mostafa-rating
71 error Linux 3.13.0-68-generic
72 error argv "/usr/local/bin/node" "/usr/local/bin/npm" "install" "ng-file-upload"
73 error node v4.2.2
74 error npm  v2.14.7
75 error Attempt to unlock /home/ali/mostafa-rating/node_modules/ng-file-upload, which hasn't been locked
76 error If you need help, you may report this error at:
76 error     <https://github.com/npm/npm/issues>
77 verbose exit [ 1, true ]
